#
# A fatal error has been detected by the Java Runtime Environment:
#
#  SIGSEGV (0xb) at pc=0x0000000102e55be0, pid=6996, tid=1799
#
# JRE version: 7.0_25-b15
# Java VM: Java HotSpot(TM) 64-Bit Server VM (23.25-b01 mixed mode bsd-amd64 compressed oops)
# Problematic frame:
# V  [libjvm.dylib+0x297be0]
#
# Failed to write core dump. Core dumps have been disabled. To enable core dumping, try "ulimit -c unlimited" before starting Java again
#
# If you would like to submit a bug report, please visit:
#   http://bugreport.sun.com/bugreport/crash.jsp
#

---------------  T H R E A D  ---------------

Current thread (0x00007fda6498e800):  JavaThread "AppKit Thread" daemon [_thread_in_vm, id=1799, stack(0x00007fff5c96f000,0x00007fff5d16f000)]

siginfo:si_signo=SIGSEGV: si_errno=0, si_code=1 (SEGV_MAPERR), si_addr=0x0000000000000000

Registers:
RAX=0x00000001032eca80, RBX=0x0000000000000000, RCX=0x00007fff7d88f100, RDX=0x000000010326b3c0
RSP=0x00007fff5d16b660, RBP=0x00007fff5d16b6b0, RSI=0x0000000000000000, RDI=0x00007fda6498e9d8
R8 =0x000000000000208c, R9 =0x00007fff7e1b3230, R10=0x00007fda63c1f6a0, R11=0x00007fff95175f88
R12=0x00007fda63c6f140, R13=0x00007fda6498e9d8, R14=0x00007fda6498e9d8, R15=0x00007fda6498e800
RIP=0x0000000102e55be0, EFLAGS=0x0000000000010202, ERR=0x0000000000000004
  TRAPNO=0x000000000000000e

Top of Stack: (sp=0x00007fff5d16b660)
0x00007fff5d16b660:   0000000000000000 00007fda6498e800
0x00007fff5d16b670:   0000000000000000 0000000000000000
0x00007fff5d16b680:   4096800000000000 00007fda6498e800
0x00007fff5d16b690:   00007fda6498e800 00007fda62c4e4d0
0x00007fff5d16b6a0:   00007fda63c6f140 00007fda62c4e4d0
0x00007fff5d16b6b0:   00007fff5d16b730 000000011eb79eb1
0x00007fff5d16b6c0:   40f4e5c884b90215 0000000000000000
0x00007fff5d16b6d0:   4095800000000000 0000000000000000
0x00007fff5d16b6e0:   0000000000000000 0000000000000006
0x00007fff5d16b6f0:   407a500000000000 0000000000000000
0x00007fff5d16b700:   4096800000000000 00007fda62c4e4d0
0x00007fff5d16b710:   00007fda63c6f140 00007fda6385dd70
0x00007fff5d16b720:   00007fda63c6f140 0000000000000016
0x00007fff5d16b730:   00007fff5d16b970 00007fff9516eb81
0x00007fff5d16b740:   00007fff7e774fe4 00007fff7e774fe0
0x00007fff5d16b750:   00007fff7e774fe8 0000004000002060
0x00007fff5d16b760:   000000004d555458 000000011ebabbe8
0x00007fff5d16b770:   000000011ad9cdd0 0000000000000000
0x00007fff5d16b780:   00007fff7e774fc8 0000000000000047
0x00007fff5d16b790:   00007fff5d16b7d0 00007fff8d757165
0x00007fff5d16b7a0:   0000000000092b04 000020601ebabb00
0x00007fff5d16b7b0:   0030f1000030f100 0000000000000100
0x00007fff5d16b7c0:   000000011ebabbe8 0000000000000047
0x00007fff5d16b7d0:   00007fff5d16b810 00007fff8d7580d5
0x00007fff5d16b7e0:   002010007e0c9f40 0000000000201003
0x00007fff5d16b7f0:   000000001ebabbe8 00007fff7e77ad38
0x00007fff5d16b800:   0000000000201001 00201000958b7447
0x00007fff5d16b810:   0020120000201100 0000000000000000
0x00007fff5d16b820:   0020100300201001 00007fff7e77ad4c
0x00007fff5d16b830:   0000000000000000 00007fff9516ca49
0x00007fff5d16b840:   00007fff7e0c9f40 0000000000000000
0x00007fff5d16b850:   000000011ebabbe8 00007fff958b7447 

Instructions: (pc=0x0000000102e55be0)
0x0000000102e55bc0:   74 09 48 8d 7d b8 e8 8d aa 14 00 4c 89 f7 48 89
0x0000000102e55bd0:   de 90 0f 1f 40 00 48 8d 05 a3 6e 49 00 80 38 00
0x0000000102e55be0:   48 8b 03 74 15 48 8d 15 54 ba 41 00 8a 4a 08 8b
0x0000000102e55bf0:   40 08 48 d3 e0 48 03 02 eb 04 48 8b 40 08 48 8b 

Register to memory mapping:

RAX=0x00000001032eca80: UseCompressedOops+0 in /Library/Java/JavaVirtualMachines/jdk1.7.0_25.jdk/Contents/Home/jre/lib/server/libjvm.dylib at 0x0000000102bbe000
RBX=0x0000000000000000 is an unknown value
RCX=0x00007fff7d88f100: SOURCES_LOCK+0x38 in /System/Library/Frameworks/CoreFoundation.framework/Versions/A/CoreFoundation at 0x00007fff92c58000
RDX=0x000000010326b3c0: jni_NativeInterface+0 in /Library/Java/JavaVirtualMachines/jdk1.7.0_25.jdk/Contents/Home/jre/lib/server/libjvm.dylib at 0x0000000102bbe000
RSP=0x00007fff5d16b660 is pointing into the stack for thread: 0x00007fda6498e800
RBP=0x00007fff5d16b6b0 is pointing into the stack for thread: 0x00007fda6498e800
RSI=0x0000000000000000 is an unknown value
RDI=0x00007fda6498e9d8 is an unknown value
R8 =0x000000000000208c is an unknown value
R9 =0x00007fff7e1b3230: NSTextAlternativesSelectedAlternativeStringNotification+0x3c518 in /System/Library/Frameworks/AppKit.framework/Versions/C/AppKit at 0x00007fff94f34000
R10=0x00007fda63c1f6a0 is an unknown value
R11=0x00007fff95175f88: -[NSEvent timestamp]+0 in /System/Library/Frameworks/AppKit.framework/Versions/C/AppKit at 0x00007fff94f34000
R12=0x00007fda63c6f140 is an unknown value
R13=0x00007fda6498e9d8 is an unknown value
R14=0x00007fda6498e9d8 is an unknown value
R15=0x00007fda6498e800 is a thread


Stack: [0x00007fff5c96f000,0x00007fff5d16f000],  sp=0x00007fff5d16b660,  free space=8177k
Native frames: (J=compiled Java code, j=interpreted, Vv=VM code, C=native code)
V  [libjvm.dylib+0x297be0]
C  [liblwjgl.jnilib+0x9eb1]  -[MacOSXOpenGLView scrollWheel:]+0x81
C  [AppKit+0x23ab81]  -[NSWindow sendEvent:]+0x2138
C  [AppKit+0x2365b5]  -[NSApplication sendEvent:]+0x15f2
C  [libosxapp.dylib+0x1ad1]  -[NSApplicationAWT sendEvent:]+0xb3
C  [AppKit+0x14c21a]  -[NSApplication run]+0x27c
C  [libosxapp.dylib+0x19b9]  +[NSApplicationAWT runAWTLoopWithApp:]+0x9c
C  [liblwawt.dylib+0xe13e]  -[AWTStarter starter:]+0x637
C  [Foundation+0x935ca]  __NSThreadPerformPerform+0xe1
C  [CoreFoundation+0x12b31]  __CFRUNLOOP_IS_CALLING_OUT_TO_A_SOURCE0_PERFORM_FUNCTION__+0x11
C  [CoreFoundation+0x12455]  __CFRunLoopDoSources0+0xf5
C  [CoreFoundation+0x357f5]  __CFRunLoopRun+0x315
C  [CoreFoundation+0x350e2]  CFRunLoopRunSpecific+0x122
C  [java+0x742d]  CreateExecutionEnvironment+0x367
C  [java+0x1bdc]  JLI_Launch+0x7a0
C  [java+0x778a]  main+0x65
C  [java+0x1434]  start+0x34


---------------  P R O C E S S  ---------------

Java Threads: ( => current thread )
  0x00007fda6498f800 JavaThread "AWT-Shutdown" [_thread_blocked, id=20235, stack(0x000000011af8d000,0x000000011b08d000)]
=>0x00007fda6498e800 JavaThread "AppKit Thread" daemon [_thread_in_vm, id=1799, stack(0x00007fff5c96f000,0x00007fff5d16f000)]
  0x00007fda6501f000 JavaThread "Monitor Ctrl-Break" daemon [_thread_in_native, id=19715, stack(0x000000011ac36000,0x000000011ad36000)]
  0x00007fda6404a000 JavaThread "Service Thread" daemon [_thread_blocked, id=19203, stack(0x000000011a803000,0x000000011a903000)]
  0x00007fda64049800 JavaThread "C2 CompilerThread1" daemon [_thread_blocked, id=18947, stack(0x000000011a700000,0x000000011a800000)]
  0x00007fda64048800 JavaThread "C2 CompilerThread0" daemon [_thread_blocked, id=18691, stack(0x000000011a5fd000,0x000000011a6fd000)]
  0x00007fda64047800 JavaThread "Signal Dispatcher" daemon [_thread_blocked, id=18435, stack(0x000000011a4fa000,0x000000011a5fa000)]
  0x00007fda6500f800 JavaThread "Finalizer" daemon [_thread_blocked, id=14083, stack(0x000000011a2ab000,0x000000011a3ab000)]
  0x00007fda6500f000 JavaThread "Reference Handler" daemon [_thread_blocked, id=13827, stack(0x000000011a1a8000,0x000000011a2a8000)]
  0x00007fda64002000 JavaThread "main" [_thread_in_native, id=5891, stack(0x0000000103668000,0x0000000103768000)]

Other Threads:
  0x00007fda6500c000 VMThread [stack: 0x000000011a0a5000,0x000000011a1a5000] [id=13571]
  0x00007fda6501c000 WatcherThread [stack: 0x000000011a906000,0x000000011aa06000] [id=19459]

VM state:not at safepoint (normal execution)

VM Mutex/Monitor currently owned by a thread: None

Heap
 def new generation   total 4352K, used 1087K [0x0000000106910000, 0x0000000106dc0000, 0x000000010b460000)
  eden space 3904K,  16% used [0x0000000106910000, 0x00000001069afe60, 0x0000000106ce0000)
  from space 448K, 100% used [0x0000000106ce0000, 0x0000000106d50000, 0x0000000106d50000)
  to   space 448K,   0% used [0x0000000106d50000, 0x0000000106d50000, 0x0000000106dc0000)
 tenured generation   total 9664K, used 773K [0x000000010b460000, 0x000000010bdd0000, 0x0000000114b10000)
   the space 9664K,   7% used [0x000000010b460000, 0x000000010b521400, 0x000000010b521400, 0x000000010bdd0000)
 compacting perm gen  total 21248K, used 5858K [0x0000000114b10000, 0x0000000115fd0000, 0x0000000119d10000)
   the space 21248K,  27% used [0x0000000114b10000, 0x00000001150c8ba8, 0x00000001150c8c00, 0x0000000115fd0000)
No shared spaces configured.

Card table byte_map: [0x0000000119d10000,0x0000000119dab000] byte_map_base: 0x00000001194db780

Polling page: 0x00000001037a7000

Code Cache  [0x000000010383d000, 0x0000000103aad000, 0x000000010683d000)
 total_blobs=259 nmethods=21 adapters=191 free_code_cache=48708Kb largest_free_block=49862464

Compilation events (10 events):
Event: 0.239 Thread 0x00007fda64049800 nmethod 13 0x000000010389fa10 code [0x000000010389fb60, 0x000000010389ffd8]
Event: 0.239 Thread 0x00007fda64049800   15             java.lang.Object::<init> (1 bytes)
Event: 0.240 Thread 0x00007fda64049800 nmethod 15 0x00000001038a4790 code [0x00000001038a48c0, 0x00000001038a4958]
Event: 0.250 Thread 0x00007fda64048800 nmethod 11 0x00000001038a8910 code [0x00000001038a8b60, 0x00000001038a9bb8]
Event: 0.280 Thread 0x00007fda64049800   16             java.lang.Math::min (11 bytes)
Event: 0.281 Thread 0x00007fda64049800 nmethod 16 0x00000001038a45d0 code [0x00000001038a4700, 0x00000001038a4738]
Event: 0.348 Thread 0x00007fda64048800   17             java.lang.String::length (6 bytes)
Event: 0.348 Thread 0x00007fda64048800 nmethod 17 0x00000001038a5850 code [0x00000001038a5980, 0x00000001038a59f8]
Event: 0.355 Thread 0x00007fda64049800   18             java.util.Properties$LineReader::readLine (452 bytes)
Event: 0.370 Thread 0x00007fda64049800 nmethod 18 0x00000001038a6290 code [0x00000001038a6420, 0x00000001038a6bf8]

GC Heap History (4 events):
Event: 0.255 GC heap before
{Heap before GC invocations=0 (full 0):
 def new generation   total 4352K, used 3904K [0x0000000106910000, 0x0000000106dc0000, 0x000000010b460000)
  eden space 3904K, 100% used [0x0000000106910000, 0x0000000106ce0000, 0x0000000106ce0000)
  from space 448K,   0% used [0x0000000106ce0000, 0x0000000106ce0000, 0x0000000106d50000)
  to   space 448K,   0% used [0x0000000106d50000, 0x0000000106d50000, 0x0000000106dc0000)
 tenured generation   total 9664K, used 0K [0x000000010b460000, 0x000000010bdd0000, 0x0000000114b10000)
   the space 9664K,   0% used [0x000000010b460000, 0x000000010b460000, 0x000000010b460200, 0x000000010bdd0000)
 compacting perm gen  total 21248K, used 3685K [0x0000000114b10000, 0x0000000115fd0000, 0x0000000119d10000)
   the space 21248K,  17% used [0x0000000114b10000, 0x0000000114ea94d0, 0x0000000114ea9600, 0x0000000115fd0000)
No shared spaces configured.
Event: 0.260 GC heap after
Heap after GC invocations=1 (full 0):
 def new generation   total 4352K, used 448K [0x0000000106910000, 0x0000000106dc0000, 0x000000010b460000)
  eden space 3904K,   0% used [0x0000000106910000, 0x0000000106910000, 0x0000000106ce0000)
  from space 448K, 100% used [0x0000000106d50000, 0x0000000106dc0000, 0x0000000106dc0000)
  to   space 448K,   0% used [0x0000000106ce0000, 0x0000000106ce0000, 0x0000000106d50000)
 tenured generation   total 9664K, used 264K [0x000000010b460000, 0x000000010bdd0000, 0x0000000114b10000)
   the space 9664K,   2% used [0x000000010b460000, 0x000000010b4a2370, 0x000000010b4a2400, 0x000000010bdd0000)
 compacting perm gen  total 21248K, used 3685K [0x0000000114b10000, 0x0000000115fd0000, 0x0000000119d10000)
   the space 21248K,  17% used [0x0000000114b10000, 0x0000000114ea94d0, 0x0000000114ea9600, 0x0000000115fd0000)
No shared spaces configured.
}
Event: 5.642 GC heap before
{Heap before GC invocations=1 (full 0):
 def new generation   total 4352K, used 4352K [0x0000000106910000, 0x0000000106dc0000, 0x000000010b460000)
  eden space 3904K, 100% used [0x0000000106910000, 0x0000000106ce0000, 0x0000000106ce0000)
  from space 448K, 100% used [0x0000000106d50000, 0x0000000106dc0000, 0x0000000106dc0000)
  to   space 448K,   0% used [0x0000000106ce0000, 0x0000000106ce0000, 0x0000000106d50000)
 tenured generation   total 9664K, used 264K [0x000000010b460000, 0x000000010bdd0000, 0x0000000114b10000)
   the space 9664K,   2% used [0x000000010b460000, 0x000000010b4a2370, 0x000000010b4a2400, 0x000000010bdd0000)
 compacting perm gen  total 21248K, used 5754K [0x0000000114b10000, 0x0000000115fd0000, 0x0000000119d10000)
   the space 21248K,  27% used [0x0000000114b10000, 0x00000001150aeaf8, 0x00000001150aec00, 0x0000000115fd0000)
No shared spaces configured.
Event: 5.650 GC heap after
Heap after GC invocations=2 (full 0):
 def new generation   total 4352K, used 448K [0x0000000106910000, 0x0000000106dc0000, 0x000000010b460000)
  eden space 3904K,   0% used [0x0000000106910000, 0x0000000106910000, 0x0000000106ce0000)
  from space 448K, 100% used [0x0000000106ce0000, 0x0000000106d50000, 0x0000000106d50000)
  to   space 448K,   0% used [0x0000000106d50000, 0x0000000106d50000, 0x0000000106dc0000)
 tenured generation   total 9664K, used 773K [0x000000010b460000, 0x000000010bdd0000, 0x0000000114b10000)
   the space 9664K,   7% used [0x000000010b460000, 0x000000010b521400, 0x000000010b521400, 0x000000010bdd0000)
 compacting perm gen  total 21248K, used 5754K [0x0000000114b10000, 0x0000000115fd0000, 0x0000000119d10000)
   the space 21248K,  27% used [0x0000000114b10000, 0x00000001150aeaf8, 0x00000001150aec00, 0x0000000115fd0000)
No shared spaces configured.
}

Deoptimization events (0 events):
No events

Internal exceptions (10 events):
Event: 5.612 Thread 0x00007fda64002000 Threw 0x0000000106cb8fd8 at /HUDSON/workspace/jdk7u25-2-build-macosx-amd64-product/jdk7u25/hotspot/src/share/vm/prims/jvm.cpp:1235
Event: 5.613 Thread 0x00007fda64002000 Threw 0x0000000106cbf3f0 at /HUDSON/workspace/jdk7u25-2-build-macosx-amd64-product/jdk7u25/hotspot/src/share/vm/prims/jvm.cpp:1235
Event: 5.616 Thread 0x00007fda64002000 Threw 0x0000000106cc7948 at /HUDSON/workspace/jdk7u25-2-build-macosx-amd64-product/jdk7u25/hotspot/src/share/vm/prims/jvm.cpp:1235
Event: 5.617 Thread 0x00007fda64002000 Threw 0x0000000106ccc9b0 at /HUDSON/workspace/jdk7u25-2-build-macosx-amd64-product/jdk7u25/hotspot/src/share/vm/prims/jvm.cpp:1235
Event: 5.619 Thread 0x00007fda64002000 Threw 0x0000000106cd5310 at /HUDSON/workspace/jdk7u25-2-build-macosx-amd64-product/jdk7u25/hotspot/src/share/vm/prims/jvm.cpp:1235
Event: 5.621 Thread 0x00007fda64002000 Threw 0x0000000106cda908 at /HUDSON/workspace/jdk7u25-2-build-macosx-amd64-product/jdk7u25/hotspot/src/share/vm/prims/jvm.cpp:1235
Event: 5.650 Thread 0x00007fda64002000 Threw 0x0000000106910100 at /HUDSON/workspace/jdk7u25-2-build-macosx-amd64-product/jdk7u25/hotspot/src/share/vm/prims/jvm.cpp:1235
Event: 5.653 Thread 0x00007fda64002000 Threw 0x0000000106916870 at /HUDSON/workspace/jdk7u25-2-build-macosx-amd64-product/jdk7u25/hotspot/src/share/vm/prims/jvm.cpp:1235
Event: 5.725 Thread 0x00007fda64002000 Threw 0x000000010691b998 at /HUDSON/workspace/jdk7u25-2-build-macosx-amd64-product/jdk7u25/hotspot/src/share/vm/prims/jvm.cpp:1235
Event: 5.727 Thread 0x00007fda64002000 Threw 0x000000010693ba18 at /HUDSON/workspace/jdk7u25-2-build-macosx-amd64-product/jdk7u25/hotspot/src/share/vm/prims/jvm.cpp:1235

Events (10 events):
Event: 5.652 Executing VM operation: BulkRevokeBias
Event: 5.652 Executing VM operation: BulkRevokeBias done
Event: 5.653 loading class 0x00007fda639486b0
Event: 5.653 loading class 0x00007fda639486b0 done
Event: 5.725 loading class 0x00007fda6396a4b0
Event: 5.725 loading class 0x00007fda6396a4b0 done
Event: 5.726 loading class 0x00007fda62c13760
Event: 5.726 loading class 0x00007fda62c13760 done
Event: 5.727 loading class 0x00007fda6383a2b0
Event: 5.727 loading class 0x00007fda6383a2b0 done


Dynamic libraries:
0x000000000ceb7000 	/System/Library/Frameworks/Cocoa.framework/Versions/A/Cocoa
0x000000000ceb7000 	/System/Library/Frameworks/Security.framework/Versions/A/Security
0x000000000ceb7000 	/System/Library/Frameworks/ApplicationServices.framework/Versions/A/ApplicationServices
0x000000000ceb7000 	/usr/lib/libz.1.dylib
0x000000000ceb7000 	/usr/lib/libSystem.B.dylib
0x000000000ceb7000 	/usr/lib/libobjc.A.dylib
0x000000000ceb7000 	/System/Library/Frameworks/CoreFoundation.framework/Versions/A/CoreFoundation
0x000000000ceb7000 	/System/Library/Frameworks/AppKit.framework/Versions/C/AppKit
0x000000000ceb7000 	/System/Library/Frameworks/CoreData.framework/Versions/A/CoreData
0x000000000ceb7000 	/System/Library/Frameworks/Foundation.framework/Versions/C/Foundation
0x000000000ceb7000 	/System/Library/PrivateFrameworks/RemoteViewServices.framework/Versions/A/RemoteViewServices
0x000000000ceb7000 	/System/Library/Frameworks/AudioToolbox.framework/Versions/A/AudioToolbox
0x000000000ceb7000 	/System/Library/Frameworks/AudioUnit.framework/Versions/A/AudioUnit
0x000000000ceb7000 	/System/Library/PrivateFrameworks/DataDetectorsCore.framework/Versions/A/DataDetectorsCore
0x000000000ceb7000 	/System/Library/PrivateFrameworks/DesktopServicesPriv.framework/Versions/A/DesktopServicesPriv
0x000000000ceb7000 	/System/Library/Frameworks/Carbon.framework/Versions/A/Frameworks/HIToolbox.framework/Versions/A/HIToolbox
0x000000000ceb7000 	/System/Library/Frameworks/QuartzCore.framework/Versions/A/QuartzCore
0x000000000ceb7000 	/System/Library/Frameworks/Carbon.framework/Versions/A/Frameworks/SpeechRecognition.framework/Versions/A/SpeechRecognition
0x000000000ceb7000 	/usr/lib/libauto.dylib
0x000000000ceb7000 	/usr/lib/libicucore.A.dylib
0x000000000ceb7000 	/usr/lib/libxml2.2.dylib
0x000000000ceb7000 	/System/Library/PrivateFrameworks/CoreUI.framework/Versions/A/CoreUI
0x000000000ceb7000 	/System/Library/Frameworks/CoreAudio.framework/Versions/A/CoreAudio
0x000000000ceb7000 	/System/Library/Frameworks/DiskArbitration.framework/Versions/A/DiskArbitration
0x000000000ceb7000 	/usr/lib/liblangid.dylib
0x000000000ceb7000 	/System/Library/PrivateFrameworks/MultitouchSupport.framework/Versions/A/MultitouchSupport
0x000000000ceb7000 	/System/Library/Frameworks/IOKit.framework/Versions/A/IOKit
0x000000000ceb7000 	/usr/lib/libDiagnosticMessagesClient.dylib
0x000000000ceb7000 	/System/Library/Frameworks/CoreServices.framework/Versions/A/CoreServices
0x000000000ceb7000 	/System/Library/PrivateFrameworks/PerformanceAnalysis.framework/Versions/A/PerformanceAnalysis
0x000000000ceb7000 	/System/Library/PrivateFrameworks/GenerationalStorage.framework/Versions/A/GenerationalStorage
0x000000000ceb7000 	/System/Library/Frameworks/OpenGL.framework/Versions/A/OpenGL
0x000000000ceb7000 	/System/Library/Frameworks/CoreText.framework/Versions/A/CoreText
0x000000000ceb7000 	/System/Library/Frameworks/ImageIO.framework/Versions/A/ImageIO
0x000000000ceb7000 	/System/Library/PrivateFrameworks/Backup.framework/Versions/A/Backup
0x000000000ceb7000 	/System/Library/Frameworks/CFNetwork.framework/Versions/A/CFNetwork
0x000000000ceb7000 	/System/Library/Frameworks/SystemConfiguration.framework/Versions/A/SystemConfiguration
0x000000000ceb7000 	/usr/lib/libCRFSuite.dylib
0x000000000ceb7000 	/System/Library/PrivateFrameworks/TCC.framework/Versions/A/TCC
0x000000000ceb7000 	/usr/lib/libc++.1.dylib
0x000000000ceb7000 	/usr/lib/libc++abi.dylib
0x000000000ceb7000 	/usr/lib/system/libcache.dylib
0x000000000ceb7000 	/usr/lib/system/libcommonCrypto.dylib
0x000000000ceb7000 	/usr/lib/system/libcompiler_rt.dylib
0x000000000ceb7000 	/usr/lib/system/libcopyfile.dylib
0x000000000ceb7000 	/usr/lib/system/libdispatch.dylib
0x000000000ceb7000 	/usr/lib/system/libdnsinfo.dylib
0x000000000ceb7000 	/usr/lib/system/libdyld.dylib
0x000000000ceb7000 	/usr/lib/system/libkeymgr.dylib
0x000000000ceb7000 	/usr/lib/system/liblaunch.dylib
0x000000000ceb7000 	/usr/lib/system/libmacho.dylib
0x000000000ceb7000 	/usr/lib/system/libquarantine.dylib
0x000000000ceb7000 	/usr/lib/system/libremovefile.dylib
0x000000000ceb7000 	/usr/lib/system/libsystem_blocks.dylib
0x000000000ceb7000 	/usr/lib/system/libsystem_c.dylib
0x000000000ceb7000 	/usr/lib/system/libsystem_dnssd.dylib
0x000000000ceb7000 	/usr/lib/system/libsystem_info.dylib
0x000000000ceb7000 	/usr/lib/system/libsystem_kernel.dylib
0x000000000ceb7000 	/usr/lib/system/libsystem_m.dylib
0x000000000ceb7000 	/usr/lib/system/libsystem_network.dylib
0x000000000ceb7000 	/usr/lib/system/libsystem_notify.dylib
0x000000000ceb7000 	/usr/lib/system/libsystem_sandbox.dylib
0x000000000ceb7000 	/usr/lib/system/libunc.dylib
0x000000000ceb7000 	/usr/lib/system/libunwind.dylib
0x000000000ceb7000 	/usr/lib/system/libxpc.dylib
0x000000000ceb7000 	/usr/lib/system/libcorecrypto.dylib
0x000000000ceb7000 	/usr/lib/libstdc++.6.dylib
0x000000000ceb7000 	/usr/lib/libbsm.0.dylib
0x000000000ceb7000 	/usr/lib/libsqlite3.dylib
0x000000000ceb7000 	/usr/lib/libxar.1.dylib
0x000000000ceb7000 	/usr/lib/libpam.2.dylib
0x000000000ceb7000 	/usr/lib/libOpenScriptingUtil.dylib
0x000000000ceb7000 	/usr/lib/libbz2.1.0.dylib
0x000000000ceb7000 	/System/Library/Frameworks/CoreServices.framework/Versions/A/Frameworks/CarbonCore.framework/Versions/A/CarbonCore
0x000000000ceb7000 	/System/Library/Frameworks/CoreServices.framework/Versions/A/Frameworks/Metadata.framework/Versions/A/Metadata
0x000000000ceb7000 	/System/Library/Frameworks/CoreServices.framework/Versions/A/Frameworks/OSServices.framework/Versions/A/OSServices
0x000000000ceb7000 	/System/Library/Frameworks/CoreServices.framework/Versions/A/Frameworks/SearchKit.framework/Versions/A/SearchKit
0x000000000ceb7000 	/System/Library/Frameworks/CoreServices.framework/Versions/A/Frameworks/AE.framework/Versions/A/AE
0x000000000ceb7000 	/System/Library/Frameworks/CoreServices.framework/Versions/A/Frameworks/LaunchServices.framework/Versions/A/LaunchServices
0x000000000ceb7000 	/System/Library/Frameworks/CoreServices.framework/Versions/A/Frameworks/DictionaryServices.framework/Versions/A/DictionaryServices
0x000000000ceb7000 	/System/Library/Frameworks/NetFS.framework/Versions/A/NetFS
0x000000000ceb7000 	/usr/lib/system/libkxld.dylib
0x000000000ceb7000 	/System/Library/PrivateFrameworks/NetAuth.framework/Versions/A/NetAuth
0x000000000ceb7000 	/System/Library/Frameworks/OpenDirectory.framework/Versions/A/Frameworks/CFOpenDirectory.framework/Versions/A/CFOpenDirectory
0x000000000ceb7000 	/usr/lib/libxslt.1.dylib
0x000000000ceb7000 	/System/Library/PrivateFrameworks/FamilyControls.framework/Versions/A/FamilyControls
0x000000000ceb7000 	/System/Library/Frameworks/Carbon.framework/Versions/A/Frameworks/Ink.framework/Versions/A/Ink
0x000000000ceb7000 	/System/Library/Frameworks/ApplicationServices.framework/Versions/A/Frameworks/CoreGraphics.framework/Versions/A/CoreGraphics
0x000000000ceb7000 	/System/Library/Frameworks/ApplicationServices.framework/Versions/A/Frameworks/ATS.framework/Versions/A/ATS
0x000000000ceb7000 	/System/Library/Frameworks/ApplicationServices.framework/Versions/A/Frameworks/ColorSync.framework/Versions/A/ColorSync
0x000000000ceb7000 	/System/Library/Frameworks/ApplicationServices.framework/Versions/A/Frameworks/HIServices.framework/Versions/A/HIServices
0x000000000ceb7000 	/System/Library/Frameworks/ApplicationServices.framework/Versions/A/Frameworks/LangAnalysis.framework/Versions/A/LangAnalysis
0x000000000ceb7000 	/System/Library/Frameworks/ApplicationServices.framework/Versions/A/Frameworks/PrintCore.framework/Versions/A/PrintCore
0x000000000ceb7000 	/System/Library/Frameworks/ApplicationServices.framework/Versions/A/Frameworks/QD.framework/Versions/A/QD
0x000000000ceb7000 	/System/Library/Frameworks/ApplicationServices.framework/Versions/A/Frameworks/SpeechSynthesis.framework/Versions/A/SpeechSynthesis
0x000000000ceb7000 	/System/Library/Frameworks/IOSurface.framework/Versions/A/IOSurface
0x000000000ceb7000 	/System/Library/Frameworks/Accelerate.framework/Versions/A/Accelerate
0x000000000ceb7000 	/System/Library/Frameworks/ApplicationServices.framework/Versions/A/Frameworks/ATS.framework/Versions/A/Resources/libFontParser.dylib
0x000000000ceb7000 	/System/Library/Frameworks/ApplicationServices.framework/Versions/A/Frameworks/ATS.framework/Versions/A/Resources/libFontRegistry.dylib
0x000000000ceb7000 	/System/Library/Frameworks/Accelerate.framework/Versions/A/Frameworks/vImage.framework/Versions/A/vImage
0x000000000ceb7000 	/System/Library/Frameworks/Accelerate.framework/Versions/A/Frameworks/vecLib.framework/Versions/A/vecLib
0x000000000ceb7000 	/System/Library/Frameworks/Accelerate.framework/Versions/A/Frameworks/vecLib.framework/Versions/A/libvDSP.dylib
0x000000000ceb7000 	/System/Library/Frameworks/Accelerate.framework/Versions/A/Frameworks/vecLib.framework/Versions/A/libvMisc.dylib
0x000000000ceb7000 	/System/Library/Frameworks/Accelerate.framework/Versions/A/Frameworks/vecLib.framework/Versions/A/libLAPACK.dylib
0x000000000ceb7000 	/System/Library/Frameworks/Accelerate.framework/Versions/A/Frameworks/vecLib.framework/Versions/A/libBLAS.dylib
0x000000000ceb7000 	/System/Library/Frameworks/ImageIO.framework/Versions/A/Resources/libJPEG.dylib
0x000000000ceb7000 	/System/Library/Frameworks/ImageIO.framework/Versions/A/Resources/libTIFF.dylib
0x000000000ceb7000 	/System/Library/Frameworks/ImageIO.framework/Versions/A/Resources/libPng.dylib
0x000000000ceb7000 	/System/Library/Frameworks/ImageIO.framework/Versions/A/Resources/libGIF.dylib
0x000000000ceb7000 	/System/Library/Frameworks/ImageIO.framework/Versions/A/Resources/libJP2.dylib
0x000000000ceb7000 	/System/Library/Frameworks/ImageIO.framework/Versions/A/Resources/libRadiance.dylib
0x000000000ceb7000 	/usr/lib/libcups.2.dylib
0x000000000ceb7000 	/System/Library/Frameworks/Kerberos.framework/Versions/A/Kerberos
0x000000000ceb7000 	/System/Library/Frameworks/GSS.framework/Versions/A/GSS
0x000000000ceb7000 	/usr/lib/libresolv.9.dylib
0x000000000ceb7000 	/usr/lib/libiconv.2.dylib
0x000000000ceb7000 	/System/Library/PrivateFrameworks/Heimdal.framework/Versions/A/Heimdal
0x000000000ceb7000 	/System/Library/PrivateFrameworks/TrustEvaluationAgent.framework/Versions/A/TrustEvaluationAgent
0x000000000ceb7000 	/System/Library/Frameworks/OpenDirectory.framework/Versions/A/OpenDirectory
0x000000000ceb7000 	/System/Library/PrivateFrameworks/CommonAuth.framework/Versions/A/CommonAuth
0x000000000ceb7000 	/System/Library/PrivateFrameworks/Bom.framework/Versions/A/Bom
0x000000000ceb7000 	/System/Library/Frameworks/CoreVideo.framework/Versions/A/CoreVideo
0x000000000ceb7000 	/System/Library/Frameworks/QuartzCore.framework/Versions/A/Frameworks/CoreImage.framework/Versions/A/CoreImage
0x000000000ceb7000 	/System/Library/Frameworks/QuartzCore.framework/Versions/A/Frameworks/ScalableUserInterface.framework/Versions/A/ScalableUserInterface
0x000000000ceb7000 	/System/Library/Frameworks/OpenGL.framework/Versions/A/Libraries/libGLU.dylib
0x000000000ceb7000 	/System/Library/Frameworks/OpenGL.framework/Versions/A/Libraries/libGFXShared.dylib
0x000000000ceb7000 	/System/Library/Frameworks/OpenGL.framework/Versions/A/Libraries/libGL.dylib
0x000000000ceb7000 	/System/Library/Frameworks/OpenGL.framework/Versions/A/Libraries/libGLImage.dylib
0x000000000ceb7000 	/System/Library/Frameworks/OpenGL.framework/Versions/A/Libraries/libCVMSPluginSupport.dylib
0x000000000ceb7000 	/System/Library/Frameworks/OpenGL.framework/Versions/A/Libraries/libCoreVMClient.dylib
0x000000000ceb7000 	/System/Library/PrivateFrameworks/CrashReporterSupport.framework/Versions/A/CrashReporterSupport
0x000000000ceb7000 	/System/Library/Frameworks/OpenCL.framework/Versions/A/OpenCL
0x000000000ceb7000 	/System/Library/PrivateFrameworks/FaceCoreLight.framework/Versions/A/FaceCoreLight
0x000000000ceb7000 	/System/Library/PrivateFrameworks/AppleFSCompression.framework/Versions/A/AppleFSCompression
0x000000000ceb7000 	/System/Library/PrivateFrameworks/Ubiquity.framework/Versions/A/Ubiquity
0x000000000ceb7000 	/System/Library/Frameworks/ServiceManagement.framework/Versions/A/ServiceManagement
0x000000000ceb7000 	/System/Library/PrivateFrameworks/ChunkingLibrary.framework/Versions/A/ChunkingLibrary
0x000000000ceb7000 	/System/Library/Frameworks/vecLib.framework/Versions/A/vecLib
0x000000000ceb7000 	/System/Library/Frameworks/SecurityFoundation.framework/Versions/A/SecurityFoundation
0x000000000ceb7000 	/System/Library/PrivateFrameworks/CommerceKit.framework/Versions/A/Frameworks/CommerceCore.framework/Versions/A/CommerceCore
0x000000000ceb7000 	/System/Library/PrivateFrameworks/CoreSymbolication.framework/Versions/A/CoreSymbolication
0x000000000ceb7000 	/System/Library/PrivateFrameworks/Symbolication.framework/Versions/A/Symbolication
0x000000000ceb7000 	/System/Library/PrivateFrameworks/DebugSymbols.framework/Versions/A/DebugSymbols
0x0000000102bbe000 	/Library/Java/JavaVirtualMachines/jdk1.7.0_25.jdk/Contents/Home/jre/lib/server/libjvm.dylib
0x000000010376a000 	/Library/Java/JavaVirtualMachines/jdk1.7.0_25.jdk/Contents/Home/jre/lib/libverify.dylib
0x0000000103777000 	/Library/Java/JavaVirtualMachines/jdk1.7.0_25.jdk/Contents/Home/jre/lib/libjava.dylib
0x0000000103834000 	/Library/Java/JavaVirtualMachines/jdk1.7.0_25.jdk/Contents/Home/jre/lib/libzip.dylib
0x000000011a3ad000 	/System/Library/Frameworks/JavaVM.framework/Frameworks/JavaRuntimeSupport.framework/JavaRuntimeSupport
0x000000011a3c5000 	/System/Library/Frameworks/JavaVM.framework/Versions/A/Frameworks/JavaNativeFoundation.framework/Versions/A/JavaNativeFoundation
0x000000011a3da000 	/System/Library/Frameworks/JavaVM.framework/Versions/A/JavaVM
0x000000000ceb7000 	/System/Library/Frameworks/Carbon.framework/Versions/A/Carbon
0x000000011a3e7000 	/System/Library/PrivateFrameworks/JavaLaunching.framework/Versions/A/JavaLaunching
0x000000000ceb7000 	/System/Library/Frameworks/Carbon.framework/Versions/A/Frameworks/CommonPanels.framework/Versions/A/CommonPanels
0x000000000ceb7000 	/System/Library/Frameworks/Carbon.framework/Versions/A/Frameworks/Help.framework/Versions/A/Help
0x000000000ceb7000 	/System/Library/Frameworks/Carbon.framework/Versions/A/Frameworks/ImageCapture.framework/Versions/A/ImageCapture
0x000000000ceb7000 	/System/Library/Frameworks/Carbon.framework/Versions/A/Frameworks/OpenScripting.framework/Versions/A/OpenScripting
0x000000000ceb7000 	/System/Library/Frameworks/Carbon.framework/Versions/A/Frameworks/Print.framework/Versions/A/Print
0x000000000ceb7000 	/System/Library/Frameworks/Carbon.framework/Versions/A/Frameworks/SecurityHI.framework/Versions/A/SecurityHI
0x000000011ac32000 	/Applications/IntelliJ IDEA 12 CE.app/bin/libbreakgen64.jnilib
0x000000011ad38000 	/Library/Java/JavaVirtualMachines/jdk1.7.0_25.jdk/Contents/Home/jre/lib/libnet.dylib
0x000000011adfe000 	/Library/Java/JavaVirtualMachines/jdk1.7.0_25.jdk/Contents/Home/jre/lib/libnio.dylib
0x000000011a3f3000 	/Library/Java/JavaVirtualMachines/jdk1.7.0_25.jdk/Contents/Home/jre/lib/libawt.dylib
0x000000011ae0d000 	/Library/Java/JavaVirtualMachines/jdk1.7.0_25.jdk/Contents/Home/jre/lib/./libmlib_image.dylib
0x000000011aed9000 	/Library/Java/JavaVirtualMachines/jdk1.7.0_25.jdk/Contents/Home/jre/lib/lwawt/liblwawt.dylib
0x000000011a4a3000 	/Library/Java/JavaVirtualMachines/jdk1.7.0_25.jdk/Contents/Home/jre/lib/libosxapp.dylib
0x000000011a4bf000 	/System/Library/Frameworks/ExceptionHandling.framework/Versions/A/ExceptionHandling
0x000000000ceb7000 	/System/Library/PrivateFrameworks/CoreServicesInternal.framework/Versions/A/CoreServicesInternal
0x000000000ceb7000 	/System/Library/PrivateFrameworks/Librarian.framework/Versions/A/Librarian
0x000000000ceb7000 	/System/Library/Frameworks/ApplicationServices.framework/Versions/A/Frameworks/CoreGraphics.framework/Versions/A/Resources/libCSync.A.dylib
0x000000000ceb7000 	/System/Library/Frameworks/ApplicationServices.framework/Versions/A/Frameworks/CoreGraphics.framework/Versions/A/Resources/libRIP.A.dylib
0x000000000ceb7000 	/System/Library/Frameworks/ApplicationServices.framework/Versions/A/Frameworks/CoreGraphics.framework/Versions/A/Resources/libCGXType.A.dylib
0x000000011eb06000 	/Library/Java/JavaVirtualMachines/jdk1.7.0_25.jdk/Contents/Home/jre/lib/libfontmanager.dylib
0x000000011eb70000 	/Users/ostenip/Documents/TDDC69-project/libs/native/macosx/liblwjgl.jnilib
0x000000011c492000 	/Library/Java/JavaVirtualMachines/jdk1.7.0_25.jdk/Contents/Home/jre/lib/libjawt.dylib
0x000000011ebeb000 	/System/Library/Frameworks/OpenGL.framework/Resources/GLEngine.bundle/GLEngine
0x000000011ede0000 	/System/Library/Frameworks/OpenGL.framework/Versions/A/Libraries/libGLProgrammability.dylib
0x0000000000000000 	/System/Library/Extensions/GeForceGLDriver.bundle/Contents/MacOS/GeForceGLDriver
0x000000011c495000 	/System/Library/PrivateFrameworks/GPUSupport.framework/Versions/A/Libraries/libGPUSupport.dylib
0x000000000ceb7000 	/System/Library/Extensions/GeForceGLDriver.bundle/Contents/MacOS/libclh.dylib
0x000000011ef88000 	/System/Library/Extensions/AppleIntelHDGraphicsGLDriver.bundle/Contents/MacOS/AppleIntelHDGraphicsGLDriver
0x000000011d0f1000 	/System/Library/Frameworks/OpenGL.framework/Resources//GLRendererFloat.bundle/GLRendererFloat
0x000000011c4aa000 	/System/Library/Frameworks/OpenCL.framework/Versions/A/Libraries/libcldcpuengine.dylib
0x000000000ceb7000 	/System/Library/PrivateFrameworks/DiskImages.framework/Versions/A/DiskImages
0x000000000ceb7000 	/System/Library/Frameworks/DiscRecording.framework/Versions/A/DiscRecording
0x000000000ceb7000 	/usr/lib/libcurl.4.dylib
0x000000000ceb7000 	/System/Library/PrivateFrameworks/MediaKit.framework/Versions/A/MediaKit
0x000000000ceb7000 	/usr/lib/libssl.0.9.8.dylib
0x000000000ceb7000 	/usr/lib/libcrypto.0.9.8.dylib
0x000000000ceb7000 	/System/Library/Frameworks/LDAP.framework/Versions/A/LDAP
0x000000000ceb7000 	/usr/lib/libsasl2.2.dylib

VM Arguments:
jvm_args: -Djava.library.path=libs/native/macosx -Didea.launcher.port=7551 -Didea.launcher.bin.path=/Applications/IntelliJ IDEA 12 CE.app/bin -Dfile.encoding=UTF-8 
java_command: com.intellij.rt.execution.application.AppMain se.liu.ida.oscth887oskth878.tddc69.project.client.Client
Launcher Type: SUN_STANDARD

Environment Variables:
PATH=/usr/bin:/bin:/usr/sbin:/sbin
SHELL=/bin/bash
DISPLAY=/tmp/launch-RERdbJ/org.macosforge.xquartz:0

Signal Handlers:
SIGSEGV: [libjvm.dylib+0x4a820f], sa_mask[0]=0xfffefeff, sa_flags=0x00000042
SIGBUS: [libjvm.dylib+0x4a820f], sa_mask[0]=0xfffefeff, sa_flags=0x00000042
SIGFPE: [libjvm.dylib+0x3b7495], sa_mask[0]=0xfffefeff, sa_flags=0x00000042
SIGPIPE: [libjvm.dylib+0x3b7495], sa_mask[0]=0xfffefeff, sa_flags=0x00000042
SIGXFSZ: [libjvm.dylib+0x3b7495], sa_mask[0]=0xfffefeff, sa_flags=0x00000042
SIGILL: [libjvm.dylib+0x3b7495], sa_mask[0]=0xfffefeff, sa_flags=0x00000042
SIGUSR1: SIG_DFL, sa_mask[0]=0x00000000, sa_flags=0x00000002
SIGUSR2: [libjvm.dylib+0x3b702e], sa_mask[0]=0x00000004, sa_flags=0x00000042
SIGHUP: [libjvm.dylib+0x3b528f], sa_mask[0]=0xfffefeff, sa_flags=0x00000042
SIGINT: [libjvm.dylib+0x3b528f], sa_mask[0]=0xfffefeff, sa_flags=0x00000042
SIGTERM: [libjvm.dylib+0x3b528f], sa_mask[0]=0xfffefeff, sa_flags=0x00000042
SIGQUIT: [libjvm.dylib+0x3b528f], sa_mask[0]=0xfffefeff, sa_flags=0x00000042


---------------  S Y S T E M  ---------------

OS:Bsduname:Darwin 12.5.0 Darwin Kernel Version 12.5.0: Mon Jul 29 16:33:49 PDT 2013; root:xnu-2050.48.11~1/RELEASE_X86_64 x86_64
rlimit: STACK 8192k, CORE 0k, NPROC 709, NOFILE 10240, AS infinity
load average:1.79 2.77 3.63

CPU:total 4 (2 cores per cpu, 2 threads per core) family 6 model 37 stepping 2, cmov, cx8, fxsr, mmx, sse, sse2, sse3, ssse3, sse4.1, sse4.2, popcnt, ht, tsc, tscinvbit

Memory: 4k page, physical 925164k(231291k free)

/proc/meminfo:


vm_info: Java HotSpot(TM) 64-Bit Server VM (23.25-b01) for bsd-amd64 JRE (1.7.0_25-b15), built on Jun  5 2013 22:26:36 by "java_re" with gcc 4.2.1 (Based on Apple Inc. build 5658) (LLVM build 2336.11.00)

time: Mon Oct 14 11:00:28 2013
elapsed time: 5 seconds

